<?xml version="1.0" encoding="UTF-8"?>
<!-- Generated by org.testng.reporters.JUnitReportReporter -->
<testsuite hostname="DESKTOP-8AOPRN1" failures="0" tests="4" name="runner.TestCases" time="33.957" errors="0" timestamp="2023-08-04T18:55:22 IST" skipped="0">
  <testcase classname="runner.TestCases" name="VerifyUserisLandedOnTheHomePage001" time="12.181"/>
  <system-out>
    <![CDATA[Test started which method name is :   VerifyUserisLandedOnTheHomePage001
Test Successfully Finished VerifyUserisLandedOnTheHomePage001  And  Staus is:  1]]>
  </system-out>
  <testcase classname="runner.TestCases" name="verifyloginWithInvalidData002" time="6.476"/>
  <system-out>
    <![CDATA[Test started which method name is :   verifyloginWithInvalidData002
Test Successfully Finished verifyloginWithInvalidData002  And  Staus is:  1]]>
  </system-out>
  <testcase classname="runner.TestCases" name="VerifyUsercanAddItemInAddToCart003" time="6.846"/>
  <system-out>
    <![CDATA[Test started which method name is :   VerifyUsercanAddItemInAddToCart003
Test Successfully Finished VerifyUsercanAddItemInAddToCart003  And  Staus is:  1]]>
  </system-out>
  <testcase classname="runner.TestCases" name="verifyUserCanOrderTheProduct004" time="8.454"/>
  <system-out>
    <![CDATA[Test started which method name is :   verifyUserCanOrderTheProduct004
Test Successfully Finished verifyUserCanOrderTheProduct004  And  Staus is:  1]]>
  </system-out>
</testsuite> <!-- runner.TestCases -->
